*******************************************************************************
*                                                                             *
*              K1874BE96T C CROSS COMPILER Version 2.00.151126                *
*                          Copyright (C) 2012 NIIET                           *
*                                                                             *
*******************************************************************************

Warning[C17] .\ADC_ONE.c(119,38): Call to function 'inverse' without prototype
Warning[C17] .\ADC_ONE.c(179,54): Call to function 'inverse' without prototype
Warning[C24] .\ADC_ONE.c(181,51): Conversion may loose significant digits
Warning[C5] .\ADC_ONE.c(14,21): Bad #pragma interrupt
Warning[C166] .\ADC_ONE.c(15,20): Function declared in #pragma interrupt must return void and have no parameters
Warning[C78] .\ADC_ONE.c(15,20): Undefined function 'IRQ_uart_rx_tx' in #pragma interrupt
Warning[C83] .\ADC_ONE.c(80,0): Parameter 'spcon' is never used in function 'USART1_Init'
Warning[C144] .\ADC_ONE.c(123,0): 'adc_init_local' declared but never used in function 'first_start'
Warning[C144] .\ADC_ONE.c(230,0): 'adc_init_global' declared but never used in function 'main'
                    adc_init:
;FILE: .\ADC_ONE.c
;000053    void adc_init(unsigned char achannel)
;000055      ADC_EN = 0x05;
00000000    B1051D                         	LDB   _AH,#05h
00000003    C70100001D                     	STB   _AH,ADC_EN
;000056      ADC_CON = 0x01 | adc_mode | (achannel << 3);
00000008    19031C                         	SHLB  achannel?adc_init,#03h
0000000B    930116001C                     	ORB   achannel?adc_init,adc_mode
00000010    91011C                         	ORB   achannel?adc_init,#01h
00000013    C70100001C                     	STB   achannel?adc_init,ADC_CON
;000057    }
00000018    F0                             	RET   
.ENDF
                     adc_off:
;000060    void adc_off()
;000062      ADC_EN = 0x00;
00000019    C701000000                     	STB   00h,ADC_EN
;000063    }
0000001E    F0                             	RET   
.ENDF
                 USART1_Init:
;000067    void USART1_Init(unsigned char spcon)
;000070      WSR=15;
0000001F    B10F00                         	LDB   WSR,#0Fh
;000071      reg=IOC1;
00000022    B0001C                         	LDB   reg?USART1_Init,IOC1
;000072      reg|=0x20;
00000025    91201C                         	ORB   reg?USART1_Init,#20h
;000073      WSR=0;
00000028    1100                           	CLRB  WSR
;000074      IOC1=reg;
0000002A    B01C00                         	LDB   IOC1,reg?USART1_Init
;000075      SP_CON1=0x09;
0000002D    B1091C                         	LDB   _AL,#09h
00000030    C70100001C                     	STB   _AL,SP_CON1
;000076      BAUD_RATE1 = BAUD_LO_VAL;  //write Baud rate value
00000035    B1811C                         	LDB   _AL,#81h
00000038    C70100001C                     	STB   _AL,BAUD_RATE1
;000077      BAUD_RATE1 = BAUD_HI_VAL;
0000003D    B1801C                         	LDB   _AL,#80h
00000040    C70100001C                     	STB   _AL,BAUD_RATE1
;000078      __NOP();
00000045    FD                             	NOP   
;000079      __NOP();
00000046    FD                             	NOP   
;000080    }
00000047    F0                             	RET   
.ENDF
                  init_Timer:
;000084    void init_Timer(void){
;000087      WSR=15;
00000048    B10F00                         	LDB   WSR,#0Fh
;000088      reg=IOC1;
0000004B    B0001C                         	LDB   reg?init_Timer,IOC1
;000089      reg|=0x4;
0000004E    91041C                         	ORB   reg?init_Timer,#04h
;000090      WSR=0;
00000051    1100                           	CLRB  WSR
;000091      IOC1=reg;
00000053    B01C00                         	LDB   IOC1,reg?init_Timer
;000092      tmp1 = INT_MASK;
00000056    B0001C                         	LDB   tmp1?init_Timer,INT_MASK
;000093      tmp1 |= 0x01;
00000059    91011C                         	ORB   tmp1?init_Timer,#01h
;000094      INT_MASK = tmp1;
0000005C    B01C00                         	LDB   INT_MASK,tmp1?init_Timer
;000095      tmp = WSR;
0000005F    B0001C                         	LDB   tmp?init_Timer,WSR
;000096      WSR = (tmp & 0x80) | 0xF;
00000062    51801C1D                       	ANDB  _AH,tmp?init_Timer,#80h
00000066    910F1D                         	ORB   _AH,#0Fh
00000069    B01D00                         	LDB   WSR,_AH
;000097      TIMER1 = 0x0001;
0000006C    AD0100                         	LDBZE TIMER1,#01h
;000098      WSR = (tmp & 0x80);
0000006F    71801C                         	ANDB  tmp?init_Timer,#80h
00000072    B01C00                         	LDB   WSR,tmp?init_Timer
;000099                         }
00000075    F0                             	RET   
.ENDF
                 first_start:
;000103     void first_start ()
00000076    C824                           	PUSH  _EX
00000078    C826                           	PUSH  _FX
;000109            for (j=0;j<3;j=j+1)
0000007A    0124                           	CLR   j?first_start
0000007C    2034                           	SJMP  ??_1_CHECK
                   ??_1_LOOP:
;000110                    {
;000111                    adc_init(j);
0000007E    B0241C                         	LDB   _AL,j?first_start
00000081    2F7D                           	SCALL adc_init
;000112                    __NOP ();
00000083    FD                             	NOP   
;000113                    __NOP ();
00000084    FD                             	NOP   
;000114                    __NOP ();
00000085    FD                             	NOP   
;000115                    __NOP ();
00000086    FD                             	NOP   
;000116                    adc_busy_local=ADC_RESULT&0x8000;
00000087    A30100001C                     	LD    adc_busy_local?first_start,ADC_RESULT
0000008C    6100801C                       	AND   adc_busy_local?first_start,#8000h
;000117                            if (adc_busy_local==0)
00000090    88001C                         	CMP   adc_busy_local?first_start,0
00000093    D71B                           	JNE   ??_2_ELSE
;000118                            {
;000119                            mas[j]=inverse(ADC_RESULT);
00000095    A02426                         	LD    _FX,j?first_start
00000098    090226                         	SHL   _FX,#02h
0000009B    A30100001C                     	LD    _AX,ADC_RESULT
000000A0    EF5DFF                         	LCALL inverse
000000A3    EF5AFF                         	LCALL ??FPCONV16
000000A6    C32700001C                     	ST    _AX,mas[_FX]
000000AB    C32702001E                     	ST    _BX,(mas+2)[_FX]
;000120                            }
                   ??_2_ELSE:
;000121                    }
000000B0    0724                           	INC   j?first_start
                  ??_1_CHECK:
000000B2    89030024                       	CMP   j?first_start,#0003h
000000B6    D3C6                           	JNC   ??_1_LOOP
;000123     }
000000B8    CC26                           	POP   _FX
000000BA    CC24                           	POP   _EX
000000BC    F0                             	RET   
.ENDF
                        main:
;000125    void main ()
000000BD    C824                           	PUSH  _EX
000000BF    C826                           	PUSH  _FX
000000C1    C828                           	PUSH  _GX
000000C3    69040018                       	SUB   _SP,#0004h
;000132    __EI();
000000C7    FB                             	EI    
;000135      adc_mode=(0x00 << 1);
000000C8    C701160000                     	STB   00h,adc_mode
;000136      i=3;
000000CD    AD031C                         	LDBZE _AX,#03h
000000D0    C30112001C                     	ST    _AX,i
;000138      k=0;
000000D5    C701170000                     	STB   00h,k
;000139     timer_convertion=0;
000000DA    C7011B0000                     	STB   00h,timer_convertion
;000140     init_Timer();
000000DF    2F67                           	SCALL init_Timer
;000142      USART1_Init(SP_MODE_1);
000000E1    B1091C                         	LDB   _AL,#09h
000000E4    2F39                           	SCALL USART1_Init
;000144      adc_init(k);
000000E6    B30117001C                     	LDB   _AL,k
000000EB    2F13                           	SCALL adc_init
;000145      led_blink=0x01;
000000ED    B1011C                         	LDB   _AL,#01h
000000F0    C70118001C                     	STB   _AL,led_blink
;000146       IOPORT1 = 0x00;
000000F5    1100                           	CLRB  IOPORT1
;000148      while (1)
                     ??_3_DO:
;000149    {
;000150        if (timer_convertion==1)
000000F7    B3011B001C                     	LDB   _AL,timer_convertion
000000FC    99011C                         	CMPB  _AL,#01h
000000FF    D7F6                           	JNE   ??_3_DO
;000151        {
;000152                     timer_convertion=0;
00000101    C7011B0000                     	STB   00h,timer_convertion
;000160                                 ByteReceived = SBUF_RX1;
00000106    B30100001C                     	LDB   _AL,SBUF_RX1
0000010B    C70114001C                     	STB   _AL,ByteReceived
;000163                    if  (ByteReceived==228)
00000110    99E41C                         	CMPB  _AL,#0E4h
00000113    D702                           	JNE   ??_5_ELSE
;000164                            {
;000165                            __NOP ();
00000115    FD                             	NOP   
;000166                            __NOP ();
00000116    FD                             	NOP   
;000167                            }
                   ??_5_ELSE:
;000170                    if (ByteReceived==13)    //разрешение передачи данных по УАРТ
00000117    990D1C                         	CMPB  _AL,#0Dh
0000011A    D7DB                           	JNE   ??_3_DO
;000171                            {
;000172                            adc_busy=ADC_RESULT&0x8000;
0000011C    A30100001C                     	LD    adc_busy?main,ADC_RESULT
00000121    6100801C                       	AND   adc_busy?main,#8000h
;000173                            if (adc_busy==0)
00000125    88001C                         	CMP   adc_busy?main,0
00000128    D7CD                           	JNE   ??_3_DO
;000174                                    {
;000179                                            ADCRES=inverse(ADC_RESULT);
0000012A    A30100001C                     	LD    _AX,ADC_RESULT
0000012F    EFCEFE                         	LCALL inverse
00000132    C3010C001C                     	ST    _AX,ADCRES
;000180                                            mas[k]=mas[k]+(1-alfa)*(ADCRES-mas[k]);
00000137    AF01170028                     	LDBZE _GX,k
0000013C    090228                         	SHL   _GX,#02h
0000013F    AF01170024                     	LDBZE _EX,k
00000144    090224                         	SHL   _EX,#02h
00000147    AD001C                         	LDBZE _AX,#00h
0000014A    A1803F1E                       	LD    _BX,#3F80h
0000014E    A301000020                     	LD    _CX,alfa
00000153    A301020022                     	LD    _DX,(alfa+2)
00000158    EFA5FE                         	LCALL ??FPSUB
0000015B    C318001C                       	ST    _AX,00h[_SP]
0000015F    C318021E                       	ST    _BX,02h[_SP]
00000163    AF01170026                     	LDBZE _FX,k
00000168    090226                         	SHL   _FX,#02h
0000016B    A3010C001C                     	LD    _AX,ADCRES
00000170    EF8DFE                         	LCALL ??FPCONV16
00000173    A327000020                     	LD    _CX,mas[_FX]
00000178    A327020022                     	LD    _DX,(mas+2)[_FX]
0000017D    EF80FE                         	LCALL ??FPSUB
00000180    A3180020                       	LD    _CX,00h[_SP]
00000184    A3180222                       	LD    _DX,02h[_SP]
00000188    EF75FE                         	LCALL ??FPMUL
0000018B    A325000020                     	LD    _CX,mas[_EX]
00000190    A325020022                     	LD    _DX,(mas+2)[_EX]
00000195    EF68FE                         	LCALL ??FPADD
00000198    C32900001C                     	ST    _AX,mas[_GX]
0000019D    C32902001E                     	ST    _BX,(mas+2)[_GX]
;000181                                            clon=mas[k];
000001A2    AF01170020                     	LDBZE _CX,k
000001A7    090220                         	SHL   _CX,#02h
000001AA    A32100001C                     	LD    _AX,mas[_CX]
000001AF    A32102001E                     	LD    _BX,(mas+2)[_CX]
000001B4    EF49FE                         	LCALL ??FPTRUNC
000001B7    C30110001C                     	ST    _AX,clon
;000183                                            SBUF_TX1 =k;
000001BC    B30117001C                     	LDB   _AL,k
000001C1    C70100001C                     	STB   _AL,SBUF_TX1
;000184                                            __NOP ();
000001C6    FD                             	NOP   
;000185                                            __NOP ();
000001C7    FD                             	NOP   
;000186                                            __NOP ();
000001C8    FD                             	NOP   
;000188                                            while (clon!=0)
000001C9    203E                           	SJMP  ??_8_CONTINUE
                     ??_8_DO:
;000189                                                    {
;000190                                                    tmp = WSR;
000001CB    B0001D                         	LDB   tmp?main,WSR
;000191                                                    WSR=0;
000001CE    1100                           	CLRB  WSR
;000192                                                    status_uart = SP_STAT1;
000001D0    B30100001C                     	LDB   _AL,SP_STAT1
000001D5    C7011A001C                     	STB   _AL,status_uart
;000193                                                    WSR = tmp;
000001DA    B01D00                         	LDB   WSR,tmp?main
;000194                                                    if ((status_uart&0x8)!=0)
000001DD    71081C                         	ANDB  _AL,#08h
000001E0    98001C                         	CMPB  _AL,0
000001E3    DF24                           	JE    ??_9_ELSE
;000195                                                            {
;000196                                                            rab=clon&SDV_Low;
000001E5    B30110001C                     	LDB   _AL,clon
000001EA    730104001C                     	ANDB  _AL,SDV_Low
000001EF    C70119001C                     	STB   _AL,rab
;000197                                                            SBUF_TX1 = rab;
000001F4    C70100001C                     	STB   _AL,SBUF_TX1
;000198                                                            clon=clon>>8;
000001F9    A30110001C                     	LD    _AX,clon
000001FE    08081C                         	SHR   _AX,#08h
00000201    C30110001C                     	ST    _AX,clon
;000199                                                            __NOP ();
00000206    FD                             	NOP   
;000200                                                            __NOP ();
00000207    FD                             	NOP   
;000201                                                            __NOP ();
00000208    FD                             	NOP   
;000202                                                            }
                   ??_9_ELSE:
;000203                                                    }   //while clon!=0
               ??_8_CONTINUE:
00000209    A30110001C                     	LD    _AX,clon
0000020E    88001C                         	CMP   _AX,0
00000211    D7B8                           	JNE   ??_8_DO
;000206                                            __NOP ();
00000213    FD                             	NOP   
;000207                                            __NOP ();
00000214    FD                             	NOP   
;000208                                            __NOP ();
00000215    FD                             	NOP   
;000211                                            k=k+1;
00000216    B30117001C                     	LDB   _AL,k
0000021B    171C                           	INCB  _AL
0000021D    C70117001C                     	STB   _AL,k
;000213                                             if (k>2)
00000222    99031C                         	CMPB  _AL,#03h
00000225    D305                           	JNC   ??_10_ELSE
;000214                                            {
;000215                                            k=0;
00000227    C701170000                     	STB   00h,k
;000216                                            }
                  ??_10_ELSE:
;000217                                             adc_init(k);
0000022C    B30117001C                     	LDB   _AL,k
00000231    2DCD                           	SCALL adc_init
;000218                                            __NOP ();
00000233    FD                             	NOP   
;000224                                    }//ADC_RESULT&0x8000==0
;000226                            }//if (ByteReceived==13)
;000228        } //if (timer_convertion==1)
;000229    }// while (1)
00000234    26C1                           	SJMP  ??_3_DO
;000230    }//main
00000236    65040018                       	ADD   _SP,#0004h
0000023A    CC28                           	POP   _GX
0000023C    CC26                           	POP   _FX
0000023E    CC24                           	POP   _EX
00000240    F0                             	RET   
.ENDF
                ?INTERRUPT00:
                   timer_irq:
;000233        void    timer_irq()
00000000    F4                             	PUSHA 
00000001    C81C                           	PUSH  _AX
;000236      tmp = WSR;
00000003    B0001C                         	LDB   tmp?timer_irq,WSR
;000237      WSR = (tmp & 0x80) | 0xF;
00000006    51801C1D                       	ANDB  _AH,tmp?timer_irq,#80h
0000000A    910F1D                         	ORB   _AH,#0Fh
0000000D    B01D00                         	LDB   WSR,_AH
;000238      TIMER1 = 0x0001;
00000010    AD0100                         	LDBZE TIMER1,#01h
;000239      WSR = (tmp & 0x80);
00000013    71801C                         	ANDB  tmp?timer_irq,#80h
00000016    B01C00                         	LDB   WSR,tmp?timer_irq
;000240            timer_convertion=1;
00000019    B1011C                         	LDB   _AL,#01h
0000001C    C7011B001C                     	STB   _AL,timer_convertion
;000241            if (led_blink==0x01)
00000021    B30118001C                     	LDB   _AL,led_blink
00000026    99011C                         	CMPB  _AL,#01h
00000029    D70A                           	JNE   ??_11_ELSE
;000242                     {
;000243                     led_blink=0x00;
0000002B    C701180000                     	STB   00h,led_blink
;000244                      IOPORT1 = (0xfe);
00000030    B1FE00                         	LDB   IOPORT1,#0FEh
;000245                     }
00000033    200B                           	SJMP  ??_11_END
                  ??_11_ELSE:
;000247                     {
;000248                     led_blink=0x01;
00000035    B1011C                         	LDB   _AL,#01h
00000038    C70118001C                     	STB   _AL,led_blink
;000249                     IOPORT1 = (0xff);
0000003D    B1FF00                         	LDB   IOPORT1,#0FFh
;000250                     }
                   ??_11_END:
;000251            }
00000040    CC1C                           	POP   _AX
00000042    F5                             	POPA  
00000043    F0                             	RET   
.ENDF

.\ADC_ONE.c: 645 byte(s), 2994 line(s), 0 error(s), 9 warning(s)

